This is pdfTeX, Version 3.1415926-2.5-1.40.14 (TeX Live 2013/W32TeX) (format=pdflatex 2014.4.9)  15 JUN 2015 19:36
entering extended mode
 restricted \write18 enabled.
 %&-line parsing enabled.
**Thesis_TheGivingGame.tex
(./Thesis_TheGivingGame.tex
LaTeX2e <2011/06/27>
Babel <3.9k> and hyphenation patterns for 78 languages loaded.
(./uva-bachelor-thesis.cls
Document Class: uva-bachelor-thesis 2005/06/10 Version 0.1 Rein van den Boomgaa
rd
(c:/texlive/2013/texmf-dist/tex/latex/graphics/graphicx.sty
Package: graphicx 1999/02/16 v1.0f Enhanced LaTeX Graphics (DPC,SPQR)

(c:/texlive/2013/texmf-dist/tex/latex/graphics/keyval.sty
Package: keyval 1999/03/16 v1.13 key=value parser (DPC)
\KV@toks@=\toks14
)
(c:/texlive/2013/texmf-dist/tex/latex/graphics/graphics.sty
Package: graphics 2009/02/05 v1.0o Standard LaTeX Graphics (DPC,SPQR)

(c:/texlive/2013/texmf-dist/tex/latex/graphics/trig.sty
Package: trig 1999/03/16 v1.09 sin cos tan (DPC)
)
(c:/texlive/2013/texmf-dist/tex/latex/latexconfig/graphics.cfg
File: graphics.cfg 2010/04/23 v1.9 graphics configuration of TeX Live
)
Package graphics Info: Driver file: pdftex.def on input line 91.

(c:/texlive/2013/texmf-dist/tex/latex/pdftex-def/pdftex.def
File: pdftex.def 2011/05/27 v0.06d Graphics/color for pdfTeX

(c:/texlive/2013/texmf-dist/tex/generic/oberdiek/infwarerr.sty
Package: infwarerr 2010/04/08 v1.3 Providing info/warning/error messages (HO)
)
(c:/texlive/2013/texmf-dist/tex/generic/oberdiek/ltxcmds.sty
Package: ltxcmds 2011/11/09 v1.22 LaTeX kernel commands for general use (HO)
)
\Gread@gobject=\count79
))
\Gin@req@height=\dimen102
\Gin@req@width=\dimen103
)
(c:/texlive/2013/texmf-dist/tex/latex/base/report.cls
Document Class: report 2007/10/19 v1.4h Standard LaTeX document class
(c:/texlive/2013/texmf-dist/tex/latex/base/size10.clo
File: size10.clo 2007/10/19 v1.4h Standard LaTeX file (size option)
)
\c@part=\count80
\c@chapter=\count81
\c@section=\count82
\c@subsection=\count83
\c@subsubsection=\count84
\c@paragraph=\count85
\c@subparagraph=\count86
\c@figure=\count87
\c@table=\count88
\abovecaptionskip=\skip41
\belowcaptionskip=\skip42
\bibindent=\dimen104
)
(c:/texlive/2013/texmf-dist/tex/latex/geometry/geometry.sty
Package: geometry 2010/09/12 v5.6 Page Geometry

(c:/texlive/2013/texmf-dist/tex/generic/oberdiek/ifpdf.sty
Package: ifpdf 2011/01/30 v2.3 Provides the ifpdf switch (HO)
Package ifpdf Info: pdfTeX in PDF mode is detected.
)
(c:/texlive/2013/texmf-dist/tex/generic/oberdiek/ifvtex.sty
Package: ifvtex 2010/03/01 v1.5 Detect VTeX and its facilities (HO)
Package ifvtex Info: VTeX not detected.
)
(c:/texlive/2013/texmf-dist/tex/generic/ifxetex/ifxetex.sty
Package: ifxetex 2010/09/12 v0.6 Provides ifxetex conditional
)
\Gm@cnth=\count89
\Gm@cntv=\count90
\c@Gm@tempcnt=\count91
\Gm@bindingoffset=\dimen105
\Gm@wd@mp=\dimen106
\Gm@odd@mp=\dimen107
\Gm@even@mp=\dimen108
\Gm@layoutwidth=\dimen109
\Gm@layoutheight=\dimen110
\Gm@layouthoffset=\dimen111
\Gm@layoutvoffset=\dimen112
\Gm@dimlist=\toks15
)
(c:/texlive/2013/texmf-dist/tex/latex/titlesec/titlesec.sty
Package: titlesec 2011/12/15 v2.10.0 Sectioning titles
\ttl@box=\box26
\beforetitleunit=\skip43
\aftertitleunit=\skip44
\ttl@plus=\dimen113
\ttl@minus=\dimen114
\ttl@toksa=\toks16
\titlewidth=\dimen115
\titlewidthlast=\dimen116
\titlewidthfirst=\dimen117
)
(c:/texlive/2013/texmf-dist/tex/latex/xcolor/xcolor.sty
Package: xcolor 2007/01/21 v2.11 LaTeX color extensions (UK)

(c:/texlive/2013/texmf-dist/tex/latex/latexconfig/color.cfg
File: color.cfg 2007/01/18 v1.5 color configuration of teTeX/TeXLive
)
Package xcolor Info: Driver file: pdftex.def on input line 225.
Package xcolor Info: Model `cmy' substituted by `cmy0' on input line 1337.
Package xcolor Info: Model `hsb' substituted by `rgb' on input line 1341.
Package xcolor Info: Model `RGB' extended on input line 1353.
Package xcolor Info: Model `HTML' substituted by `rgb' on input line 1355.
Package xcolor Info: Model `Hsb' substituted by `hsb' on input line 1356.
Package xcolor Info: Model `tHsb' substituted by `hsb' on input line 1357.
Package xcolor Info: Model `HSB' substituted by `hsb' on input line 1358.
Package xcolor Info: Model `Gray' substituted by `gray' on input line 1359.
Package xcolor Info: Model `wave' substituted by `hsb' on input line 1360.

(c:/texlive/2013/texmf-dist/tex/latex/xcolor/svgnam.def
File: svgnam.def 2007/01/21 v2.11 Predefined colors according to SVG 1.1 (UK)
))
(c:/texlive/2013/texmf-dist/tex/latex/textpos/textpos.sty
Package: textpos 2014/01/03 v1.7j

Package: textpos 2014/01/03 1.7j, absolute positioning of text on the page
(c:/texlive/2013/texmf-dist/tex/latex/ms/everyshi.sty
Package: everyshi 2001/05/15 v3.00 EveryShipout Package (MS)
)
\TP@textbox=\box27
\TP@holdbox=\box28
\TPHorizModule=\dimen118
\TPVertModule=\dimen119
\TP@margin=\dimen120
\TP@absmargin=\dimen121

Grid set 16 x 16 = 37.34424pt x 52.81541pt
\TPboxrulesize=\dimen122
\TP@ox=\dimen123
\TP@oy=\dimen124
\TP@tbargs=\toks17
\TP@prevdepth=\dimen125
TextBlockOrigin set to 0pt x 0pt
) (c:/texlive/2013/texmf-dist/tex/latex/rotating/rotating.sty
Package: rotating 2009/03/28 v2.16a rotated objects in LaTeX

(c:/texlive/2013/texmf-dist/tex/latex/base/ifthen.sty
Package: ifthen 2001/05/26 v1.1c Standard LaTeX ifthen package (DPC)
)
\c@r@tfl@t=\count92
\rotFPtop=\skip45
\rotFPbot=\skip46
\rot@float@box=\box29
\rot@mess@toks=\toks18
))
(c:/texlive/2013/texmf-dist/tex/latex/url/url.sty
\Urlmuskip=\muskip10
Package: url 2013/09/16  ver 3.4  Verb mode for urls, etc.
)
(c:/texlive/2013/texmf-dist/tex/latex/mh/mathtools.sty
Package: mathtools 2013/02/12 v1.13 mathematical typesetting tools

(c:/texlive/2013/texmf-dist/tex/latex/tools/calc.sty
Package: calc 2007/08/22 v4.3 Infix arithmetic (KKT,FJ)
\calc@Acount=\count93
\calc@Bcount=\count94
\calc@Adimen=\dimen126
\calc@Bdimen=\dimen127
\calc@Askip=\skip47
\calc@Bskip=\skip48
LaTeX Info: Redefining \setlength on input line 76.
LaTeX Info: Redefining \addtolength on input line 77.
\calc@Ccount=\count95
\calc@Cskip=\skip49
)
(c:/texlive/2013/texmf-dist/tex/latex/mh/mhsetup.sty
Package: mhsetup 2010/01/21 v1.2a programming setup (MH)
)
(c:/texlive/2013/texmf-dist/tex/latex/amsmath/amsmath.sty
Package: amsmath 2013/01/14 v2.14 AMS math features
\@mathmargin=\skip50

For additional information on amsmath, use the `?' option.
(c:/texlive/2013/texmf-dist/tex/latex/amsmath/amstext.sty
Package: amstext 2000/06/29 v2.01

(c:/texlive/2013/texmf-dist/tex/latex/amsmath/amsgen.sty
File: amsgen.sty 1999/11/30 v2.0
\@emptytoks=\toks19
\ex@=\dimen128
))
(c:/texlive/2013/texmf-dist/tex/latex/amsmath/amsbsy.sty
Package: amsbsy 1999/11/29 v1.2d
\pmbraise@=\dimen129
)
(c:/texlive/2013/texmf-dist/tex/latex/amsmath/amsopn.sty
Package: amsopn 1999/12/14 v2.01 operator names
)
\inf@bad=\count96
LaTeX Info: Redefining \frac on input line 210.
\uproot@=\count97
\leftroot@=\count98
LaTeX Info: Redefining \overline on input line 306.
\classnum@=\count99
\DOTSCASE@=\count100
LaTeX Info: Redefining \ldots on input line 378.
LaTeX Info: Redefining \dots on input line 381.
LaTeX Info: Redefining \cdots on input line 466.
\Mathstrutbox@=\box30
\strutbox@=\box31
\big@size=\dimen130
LaTeX Font Info:    Redeclaring font encoding OML on input line 566.
LaTeX Font Info:    Redeclaring font encoding OMS on input line 567.
\macc@depth=\count101
\c@MaxMatrixCols=\count102
\dotsspace@=\muskip11
\c@parentequation=\count103
\dspbrk@lvl=\count104
\tag@help=\toks20
\row@=\count105
\column@=\count106
\maxfields@=\count107
\andhelp@=\toks21
\eqnshift@=\dimen131
\alignsep@=\dimen132
\tagshift@=\dimen133
\tagwidth@=\dimen134
\totwidth@=\dimen135
\lineht@=\dimen136
\@envbody=\toks22
\multlinegap=\skip51
\multlinetaggap=\skip52
\mathdisplay@stack=\toks23
LaTeX Info: Redefining \[ on input line 2665.
LaTeX Info: Redefining \] on input line 2666.
)
LaTeX Info: Thecontrolsequence`\['isalreadyrobust on input line 129.
LaTeX Info: Thecontrolsequence`\]'isalreadyrobust on input line 129.
\g_MT_multlinerow_int=\count108
\l_MT_multwidth_dim=\dimen137
\origjot=\skip53
\l_MT_shortvdotswithinadjustabove_dim=\dimen138
\l_MT_shortvdotswithinadjustbelow_dim=\dimen139
\l_MT_above_intertext_sep=\dimen140
\l_MT_below_intertext_sep=\dimen141
\l_MT_above_shortintertext_sep=\dimen142
\l_MT_below_shortintertext_sep=\dimen143
)
(c:/texlive/2013/texmf-dist/tex/latex/caption/caption.sty
Package: caption 2013/05/02 v3.3-89 Customizing captions (AR)

(c:/texlive/2013/texmf-dist/tex/latex/caption/caption3.sty
Package: caption3 2013/05/02 v1.6-88 caption3 kernel (AR)
Package caption3 Info: TeX engine: e-TeX on input line 57.
\captionmargin=\dimen144
\captionmargin@=\dimen145
\captionwidth=\dimen146
\caption@tempdima=\dimen147
\caption@indent=\dimen148
\caption@parindent=\dimen149
\caption@hangindent=\dimen150
)
\c@ContinuedFloat=\count109
Package caption Info: rotating package is loaded.
)
(c:/texlive/2013/texmf-dist/tex/latex/caption/subcaption.sty
Package: subcaption 2013/02/03 v1.1-62 Sub-captions (AR)
\c@subfigure=\count110
\c@subtable=\count111
)
(c:/texlive/2013/texmf-dist/tex/latex/cite/cite.sty
LaTeX Info: Redefining \cite on input line 302.
LaTeX Info: Redefining \nocite on input line 373.
Package: cite 2010/09/10  v 5.3
)
(./Thesis_TheGivingGame.aux)
\openout1 = `Thesis_TheGivingGame.aux'.

LaTeX Font Info:    Checking defaults for OML/cmm/m/it on input line 20.
LaTeX Font Info:    ... okay on input line 20.
LaTeX Font Info:    Checking defaults for T1/cmr/m/n on input line 20.
LaTeX Font Info:    ... okay on input line 20.
LaTeX Font Info:    Checking defaults for OT1/cmr/m/n on input line 20.
LaTeX Font Info:    ... okay on input line 20.
LaTeX Font Info:    Checking defaults for OMS/cmsy/m/n on input line 20.
LaTeX Font Info:    ... okay on input line 20.
LaTeX Font Info:    Checking defaults for OMX/cmex/m/n on input line 20.
LaTeX Font Info:    ... okay on input line 20.
LaTeX Font Info:    Checking defaults for U/cmr/m/n on input line 20.
LaTeX Font Info:    ... okay on input line 20.

(c:/texlive/2013/texmf-dist/tex/context/base/supp-pdf.mkii
[Loading MPS to PDF converter (version 2006.09.02).]
\scratchcounter=\count112
\scratchdimen=\dimen151
\scratchbox=\box32
\nofMPsegments=\count113
\nofMParguments=\count114
\everyMPshowfont=\toks24
\MPscratchCnt=\count115
\MPscratchDim=\dimen152
\MPnumerator=\count116
\makeMPintoPDFobject=\count117
\everyMPtoPDFconversion=\toks25
) (c:/texlive/2013/texmf-dist/tex/generic/oberdiek/pdftexcmds.sty
Package: pdftexcmds 2011/11/29 v0.20 Utility functions of pdfTeX for LuaTeX (HO
)

(c:/texlive/2013/texmf-dist/tex/generic/oberdiek/ifluatex.sty
Package: ifluatex 2010/03/01 v1.3 Provides the ifluatex switch (HO)
Package ifluatex Info: LuaTeX not detected.
)
Package pdftexcmds Info: LuaTeX not detected.
Package pdftexcmds Info: \pdf@primitive is available.
Package pdftexcmds Info: \pdf@ifprimitive is available.
Package pdftexcmds Info: \pdfdraftmode found.
)
(c:/texlive/2013/texmf-dist/tex/latex/oberdiek/epstopdf-base.sty
Package: epstopdf-base 2010/02/09 v2.5 Base part for package epstopdf

(c:/texlive/2013/texmf-dist/tex/latex/oberdiek/grfext.sty
Package: grfext 2010/08/19 v1.1 Manage graphics extensions (HO)

(c:/texlive/2013/texmf-dist/tex/generic/oberdiek/kvdefinekeys.sty
Package: kvdefinekeys 2011/04/07 v1.3 Define keys (HO)
))
(c:/texlive/2013/texmf-dist/tex/latex/oberdiek/kvoptions.sty
Package: kvoptions 2011/06/30 v3.11 Key value format for package options (HO)

(c:/texlive/2013/texmf-dist/tex/generic/oberdiek/kvsetkeys.sty
Package: kvsetkeys 2012/04/25 v1.16 Key value parser (HO)

(c:/texlive/2013/texmf-dist/tex/generic/oberdiek/etexcmds.sty
Package: etexcmds 2011/02/16 v1.5 Avoid name clashes with e-TeX commands (HO)
Package etexcmds Info: Could not find \expanded.
(etexcmds)             That can mean that you are not using pdfTeX 1.50 or
(etexcmds)             that some package has redefined \expanded.
(etexcmds)             In the latter case, load this package earlier.
)))
Package grfext Info: Graphics extension search list:
(grfext)             [.png,.pdf,.jpg,.mps,.jpeg,.jbig2,.jb2,.PNG,.PDF,.JPG,.JPE
G,.JBIG2,.JB2,.eps]
(grfext)             \AppendGraphicsExtensions on input line 452.

(c:/texlive/2013/texmf-dist/tex/latex/latexconfig/epstopdf-sys.cfg
File: epstopdf-sys.cfg 2010/07/13 v1.3 Configuration of (r)epstopdf for TeX Liv
e
))
*geometry* driver: auto-detecting
*geometry* detected driver: pdftex
*geometry* verbose mode - [ preamble ] result:
* driver: pdftex
* paper: a4paper
* layout: <same size as paper>
* layoutoffset:(h,v)=(0.0pt,0.0pt)
* modes: twoside 
* h-part:(L,W,R)=(71.70166pt, 418.25368pt, 107.55254pt)
* v-part:(T,H,B)=(67.60269pt, 676.04005pt, 101.4041pt)
* \paperwidth=597.50787pt
* \paperheight=845.04684pt
* \textwidth=418.25368pt
* \textheight=676.04005pt
* \oddsidemargin=-0.56833pt
* \evensidemargin=35.28255pt
* \topmargin=-41.6673pt
* \headheight=12.0pt
* \headsep=25.0pt
* \topskip=10.0pt
* \footskip=30.0pt
* \marginparwidth=121.0pt
* \marginparsep=11.0pt
* \columnsep=10.0pt
* \skip\footins=9.0pt plus 4.0pt minus 2.0pt
* \hoffset=0.0pt
* \voffset=0.0pt
* \mag=1000
* \@twocolumnfalse
* \@twosidetrue
* \@mparswitchtrue
* \@reversemarginfalse
* (1in=72.27pt=25.4mm, 1cm=28.453pt)

ABD: EveryShipout initializing macros
Package caption Info: Begin \AtBeginDocument code.
Package caption Info: End \AtBeginDocument code.


Package textpos Warning: environment textblock* not in vertical mode. 
(textpos)                Environment textblock* should not have any text
(textpos)                or printable material appearing before it.
(textpos)                Alignment may work out wrongly. on input line 21.

Package epstopdf Info: Source file: <acroniemregel.eps>
(epstopdf)                    date: 2007-06-04 22:04:56
(epstopdf)                    size: 423692 bytes
(epstopdf)             Output file: <acroniemregel-eps-converted-to.pdf>
(epstopdf)                    date: 2015-04-23 11:25:16
(epstopdf)                    size: 14499 bytes
(epstopdf)             Command: <repstopdf --outfile=acroniemregel-eps-converte
d-to.pdf acroniemregel.eps>
(epstopdf)             \includegraphics on input line 21.
Package epstopdf Info: Output file is already uptodate.
<acroniemregel-eps-converted-to.pdf, id=1, 1401.235pt x 151.56625pt>
File: acroniemregel-eps-converted-to.pdf Graphic file (type pdf)

<use acroniemregel-eps-converted-to.pdf>
Package pdftex.def Info: acroniemregel-eps-converted-to.pdf used on input line 
21.
(pdftex.def)             Requested size: 263.03026pt x 28.45274pt.
 [1

{c:/texlive/2013/texmf-var/fonts/map/pdftex/updmap/pdftex.map} <./acroniemregel
-eps-converted-to.pdf>] [2

] [1]
[2

] (./Thesis_TheGivingGame.toc [3])
\tf@toc=\write3
\openout3 = `Thesis_TheGivingGame.toc'.

 [4]
Chapter 1.
Missing character: There is no â in font cmr10!
Missing character: There is no € in font cmr10!
Missing character: There is no ™ in font cmr10!

Underfull \hbox (badness 10000) in paragraph at lines 37--41

 []

[5

] [6

]
Chapter 2.
LaTeX Font Info:    Try loading font information for OMS+cmr on input line 48.
(c:/texlive/2013/texmf-dist/tex/latex/base/omscmr.fd
File: omscmr.fd 1999/05/25 v2.5h Standard LaTeX font definitions
)
LaTeX Font Info:    Font shape `OMS/cmr/m/n' in size <10> not available
(Font)              Font shape `OMS/cmsy/m/n' tried instead on input line 48.
Missing character: There is no â in font cmr10!
Missing character: There is no € in font cmr10!
Missing character: There is no ˜ in font cmr10!
Missing character: There is no â in font cmr10!
Missing character: There is no € in font cmr10!
Missing character: There is no ™ in font cmr10!
Missing character: There is no â in font cmr10!
Missing character: There is no € in font cmr10!
Missing character: There is no ˜ in font cmr10!
Missing character: There is no â in font cmr10!
Missing character: There is no € in font cmr10!
Missing character: There is no ™ in font cmr10!
Missing character: There is no â in font cmr10!
Missing character: There is no € in font cmr10!
Missing character: There is no ˜ in font cmr10!
Missing character: There is no â in font cmr10!
Missing character: There is no € in font cmr10!
Missing character: There is no ™ in font cmr10!
Missing character: There is no â in font cmr10!
Missing character: There is no € in font cmr10!
Missing character: There is no ˜ in font cmr10!
Missing character: There is no â in font cmr10!
Missing character: There is no € in font cmr10!
Missing character: There is no ™ in font cmr10!

Underfull \hbox (badness 10000) in paragraph at lines 63--68

 []

[7]
Missing character: There is no â in font cmr10!
Missing character: There is no € in font cmr10!
Missing character: There is no ˜ in font cmr10!
Missing character: There is no â in font cmr10!
Missing character: There is no € in font cmr10!
Missing character: There is no ™ in font cmr10!
 <YieldCurves/yieldcurve_P.png, id=43, 907.89188pt x 528.47438pt>
File: YieldCurves/yieldcurve_P.png Graphic file (type png)

<use YieldCurves/yieldcurve_P.png>
Package pdftex.def Info: YieldCurves/yieldcurve_P.png used on input line 96.
(pdftex.def)             Requested size: 363.15031pt x 211.386pt.

<YieldCurves/yieldcurve_PQ_equilibrium.png, id=44, 898.85812pt x 528.47438pt>
File: YieldCurves/yieldcurve_PQ_equilibrium.png Graphic file (type png)

<use YieldCurves/yieldcurve_PQ_equilibrium.png>
Package pdftex.def Info: YieldCurves/yieldcurve_PQ_equilibrium.png used on inpu
t line 109.
(pdftex.def)             Requested size: 359.53688pt x 211.386pt.

Underfull \hbox (badness 10000) in paragraph at lines 75--112

 []


Underfull \hbox (badness 10000) in paragraph at lines 75--112

 []


Underfull \hbox (badness 10000) in paragraph at lines 75--112

 []


Underfull \hbox (badness 10000) in paragraph at lines 75--112

 []


Underfull \hbox (badness 10000) in paragraph at lines 75--112

 []


Underfull \hbox (badness 10000) in paragraph at lines 75--112

 []


LaTeX Warning: `!h' float specifier changed to `!ht'.

[8] [9 <./YieldCurves/yieldcurve_P.png> <./YieldCurves/yieldcurve_PQ_equilibriu
m.png>]
Underfull \hbox (badness 10000) in paragraph at lines 115--125

 []


Underfull \hbox (badness 10000) in paragraph at lines 115--125

 []


Underfull \hbox (badness 10000) in paragraph at lines 115--125

 []

[10

]
Chapter 3.
Missing character: There is no â in font cmr10!
Missing character: There is no € in font cmr10!
Missing character: There is no ™ in font cmr10!
Missing character: There is no â in font cmr10!
Missing character: There is no € in font cmr10!
Missing character: There is no ˜ in font cmr10!
Missing character: There is no â in font cmr10!
Missing character: There is no € in font cmr10!
Missing character: There is no ™ in font cmr10!
Missing character: There is no â in font cmr10!
Missing character: There is no € in font cmr10!
Missing character: There is no ˜ in font cmr10!
Missing character: There is no â in font cmr10!
Missing character: There is no € in font cmr10!
Missing character: There is no ™ in font cmr10!
Missing character: There is no â in font cmr10!
Missing character: There is no € in font cmr10!
Missing character: There is no ˜ in font cmr10!
Missing character: There is no â in font cmr10!
Missing character: There is no € in font cmr10!
Missing character: There is no ™ in font cmr10!
Missing character: There is no â in font cmr10!
Missing character: There is no € in font cmr10!
Missing character: There is no ˜ in font cmr10!
Missing character: There is no â in font cmr10!
Missing character: There is no € in font cmr10!
Missing character: There is no ™ in font cmr10!
Missing character: There is no â in font cmr10!
Missing character: There is no € in font cmr10!
Missing character: There is no ˜ in font cmr10!
Missing character: There is no â in font cmr10!
Missing character: There is no € in font cmr10!
Missing character: There is no ™ in font cmr10!
Missing character: There is no â in font cmr10!
Missing character: There is no € in font cmr10!
Missing character: There is no ˜ in font cmr10!
Missing character: There is no â in font cmr10!
Missing character: There is no € in font cmr10!
Missing character: There is no ™ in font cmr10!
Missing character: There is no â in font cmr10!
Missing character: There is no € in font cmr10!
Missing character: There is no ™ in font cmr10!
[11

]
Missing character: There is no â in font cmti10!
Missing character: There is no € in font cmti10!
Missing character: There is no “ in font cmti10!

Underfull \hbox (badness 10000) in paragraph at lines 160--166

 []

<YieldCurves/yieldcurve_PQ.png, id=59, 910.90312pt x 513.41812pt>
File: YieldCurves/yieldcurve_PQ.png Graphic file (type png)

<use YieldCurves/yieldcurve_PQ.png>
Package pdftex.def Info: YieldCurves/yieldcurve_PQ.png used on input line 171.
(pdftex.def)             Requested size: 364.3548pt x 205.3636pt.

Underfull \hbox (badness 10000) in paragraph at lines 168--179

 []

[12] <FlowChart/FlowChart.png, id=63, 433.62pt x 727.71875pt>
File: FlowChart/FlowChart.png Graphic file (type png)

<use FlowChart/FlowChart.png>
Package pdftex.def Info: FlowChart/FlowChart.png used on input line 184.
(pdftex.def)             Requested size: 260.17401pt x 436.63461pt.


LaTeX Warning: `!h' float specifier changed to `!ht'.

[13 <./YieldCurves/yieldcurve_PQ.png>] [14 <./FlowChart/FlowChart.png>]
Chapter 4.
[15

] [16] <Matrices/Nominal_values.png, id=78, 287.57437pt x 311.66437pt>
File: Matrices/Nominal_values.png Graphic file (type png)

<use Matrices/Nominal_values.png>
Package pdftex.def Info: Matrices/Nominal_values.png used on input line 249.
(pdftex.def)             Requested size: 83.64944pt x 90.65617pt.

<Matrices/Like_factors.png, id=79, 341.77687pt x 310.15875pt>
File: Matrices/Like_factors.png Graphic file (type png)

<use Matrices/Like_factors.png>
Package pdftex.def Info: Matrices/Like_factors.png used on input line 254.
(pdftex.def)             Requested size: 100.38037pt x 91.09375pt.

<Matrices/Account_balance.png, id=80, 341.77687pt x 320.69812pt>
File: Matrices/Account_balance.png Graphic file (type png)

<use Matrices/Account_balance.png>
Package pdftex.def Info: Matrices/Account_balance.png used on input line 260.
(pdftex.def)             Requested size: 100.38037pt x 94.18918pt.

Overfull \hbox (41.82791pt too wide) in paragraph at lines 247--264
 []$[]$$[]$ 
 []

[17 <./Matrices/Nominal_values.png> <./Matrices/Like_factors.png> <./Matrices/A
ccount_balance.png>]
<Simulation2_figures/Distribution.png, id=85, 835.12pt x 494.84875pt>
File: Simulation2_figures/Distribution.png Graphic file (type png)

<use Simulation2_figures/Distribution.png>
Package pdftex.def Info: Simulation2_figures/Distribution.png used on input lin
e 293.
(pdftex.def)             Requested size: 334.04207pt x 197.93599pt.
 [18 <./Simulation2_figures/Distribution.png>]
<Simulation2_figures/Visualization.png, id=89, 791.95876pt x 587.19376pt>
File: Simulation2_figures/Visualization.png Graphic file (type png)

<use Simulation2_figures/Visualization.png>
Package pdftex.def Info: Simulation2_figures/Visualization.png used on input li
ne 299.
(pdftex.def)             Requested size: 316.7779pt x 234.87334pt.

<Simulation2_figures/Transactions.png, id=90, 255.95625pt x 323.2075pt>
File: Simulation2_figures/Transactions.png Graphic file (type png)

<use Simulation2_figures/Transactions.png>
Package pdftex.def Info: Simulation2_figures/Transactions.png used on input lin
e 305.
(pdftex.def)             Requested size: 102.38068pt x 129.2807pt.
 [19 <./Simulation2_figures/Visualization.png> <./Simulation2_figures/Transacti
ons.png>] [20


]
Chapter 5.
[21] [22]
Missing character: There is no â in font cmr10!
Missing character: There is no € in font cmr10!
Missing character: There is no ™ in font cmr10!
 [23] [24

]
Chapter 6.
<Simulation_figures/RR_P/Figure1_20k.png, id=110, 910.602pt x 440.847pt>
File: Simulation_figures/RR_P/Figure1_20k.png Graphic file (type png)

<use Simulation_figures/RR_P/Figure1_20k.png>
Package pdftex.def Info: Simulation_figures/RR_P/Figure1_20k.png used on input 
line 425.
(pdftex.def)             Requested size: 364.23434pt x 176.33566pt.


LaTeX Warning: `!h' float specifier changed to `!ht'.

[25]
<Simulation_figures/BR_BS_S/Figure1_10k.png, id=114, 910.602pt x 440.847pt>
File: Simulation_figures/BR_BS_S/Figure1_10k.png Graphic file (type png)

<use Simulation_figures/BR_BS_S/Figure1_10k.png>
Package pdftex.def Info: Simulation_figures/BR_BS_S/Figure1_10k.png used on inp
ut line 438.
(pdftex.def)             Requested size: 364.23434pt x 176.33566pt.

<Simulation_figures/BR_BS_P/Figure1_10k.png, id=115, 910.602pt x 440.847pt>
File: Simulation_figures/BR_BS_P/Figure1_10k.png Graphic file (type png)

<use Simulation_figures/BR_BS_P/Figure1_10k.png>
Package pdftex.def Info: Simulation_figures/BR_BS_P/Figure1_10k.png used on inp
ut line 447.
(pdftex.def)             Requested size: 364.23434pt x 176.33566pt.
 [26 <./Simulation_figures/RR_P/Figure1_20k.png> <./Simulation_figures/BR_BS_S/
Figure1_10k.png>]
Missing character: There is no â in font cmr10!
Missing character: There is no € in font cmr10!
Missing character: There is no ™ in font cmr10!
Missing character: There is no â in font cmr10!
Missing character: There is no € in font cmr10!
Missing character: There is no ™ in font cmr10!

<Simulation_figures/BR_S/Figure1_30k.png, id=121, 910.602pt x 440.847pt>
File: Simulation_figures/BR_S/Figure1_30k.png Graphic file (type png)

<use Simulation_figures/BR_S/Figure1_30k.png>
Package pdftex.def Info: Simulation_figures/BR_S/Figure1_30k.png used on input 
line 456.
(pdftex.def)             Requested size: 364.23434pt x 176.33566pt.


LaTeX Warning: `!h' float specifier changed to `!ht'.

[27 <./Simulation_figures/BR_BS_P/Figure1_10k.png>]
<Simulation_figures/BR_P/Figure1_10k.png, id=126, 910.602pt x 440.847pt>
File: Simulation_figures/BR_P/Figure1_10k.png Graphic file (type png)

<use Simulation_figures/BR_P/Figure1_10k.png>
Package pdftex.def Info: Simulation_figures/BR_P/Figure1_10k.png used on input 
line 466.
(pdftex.def)             Requested size: 364.23434pt x 176.33566pt.
 [28 <./Simulation_figures/BR_S/Figure1_30k.png> <./Simulation_figures/BR_P/Fig
ure1_10k.png>]
<Simulation2_figures/GR_BS_P/Figure1_4k.png, id=132, 910.602pt x 440.847pt>
File: Simulation2_figures/GR_BS_P/Figure1_4k.png Graphic file (type png)

<use Simulation2_figures/GR_BS_P/Figure1_4k.png>
Package pdftex.def Info: Simulation2_figures/GR_BS_P/Figure1_4k.png used on inp
ut line 481.
(pdftex.def)             Requested size: 364.23434pt x 176.33566pt.

<Simulation_figures/GR_L1B1N1/1perishable_1-1_15k.png, id=133, 910.602pt x 440.
847pt>
File: Simulation_figures/GR_L1B1N1/1perishable_1-1_15k.png Graphic file (type p
ng)
 <use Simulation_figures/GR_L1B1N1/1perishable_1-1_15k.png>
Package pdftex.def Info: Simulation_figures/GR_L1B1N1/1perishable_1-1_15k.png u
sed on input line 492.
(pdftex.def)             Requested size: 364.23434pt x 176.33566pt.

Underfull \hbox (badness 10000) in paragraph at lines 486--495

 []


LaTeX Warning: `!h' float specifier changed to `!ht'.

[29 <./Simulation2_figures/GR_BS_P/Figure1_4k.png>] [30 <./Simulation_figures/G
R_L1B1N1/1perishable_1-1_15k.png>]
<Simulation2_figures/GR_L1B2N1/Figure1_1good_1k.png, id=143, 910.602pt x 440.84
7pt>
File: Simulation2_figures/GR_L1B2N1/Figure1_1good_1k.png Graphic file (type png
)
 <use Simulation2_figures/GR_L1B2N1/Figure1_1good_1k.png>
Package pdftex.def Info: Simulation2_figures/GR_L1B2N1/Figure1_1good_1k.png use
d on input line 512.
(pdftex.def)             Requested size: 364.23434pt x 176.33566pt.

<Simulation2_figures/GR_L1B2N1/Figure2_1good_4k.png, id=144, 910.602pt x 440.84
7pt>
File: Simulation2_figures/GR_L1B2N1/Figure2_1good_4k.png Graphic file (type png
)
 <use Simulation2_figures/GR_L1B2N1/Figure2_1good_4k.png>
Package pdftex.def Info: Simulation2_figures/GR_L1B2N1/Figure2_1good_4k.png use
d on input line 519.
(pdftex.def)             Requested size: 364.23434pt x 176.33566pt.

<Simulation2_figures/GR_L1B2N1/Figure3_2goods_5k.png, id=145, 910.602pt x 440.8
47pt>
File: Simulation2_figures/GR_L1B2N1/Figure3_2goods_5k.png Graphic file (type pn
g)
 <use Simulation2_figures/GR_L1B2N1/Figure3_2goods_5k.png>
Package pdftex.def Info: Simulation2_figures/GR_L1B2N1/Figure3_2goods_5k.png us
ed on input line 526.
(pdftex.def)             Requested size: 364.23434pt x 176.33566pt.


LaTeX Warning: `!h' float specifier changed to `!ht'.


<Simulation2_figures/GR_L1B2N1/Figure4_2goods_10k.png, id=146, 910.602pt x 440.
847pt>
File: Simulation2_figures/GR_L1B2N1/Figure4_2goods_10k.png Graphic file (type p
ng)
 <use Simulation2_figures/GR_L1B2N1/Figure4_2goods_10k.png>
Package pdftex.def Info: Simulation2_figures/GR_L1B2N1/Figure4_2goods_10k.png u
sed on input line 532.
(pdftex.def)             Requested size: 364.23434pt x 176.33566pt.


LaTeX Warning: `!h' float specifier changed to `!ht'.


<Simulation2_figures/GR_L1B2N1/Figure5_1perishable_4k.png, id=147, 910.602pt x 
440.847pt>
File: Simulation2_figures/GR_L1B2N1/Figure5_1perishable_4k.png Graphic file (ty
pe png)
 <use Simulation2_figures/GR_L1B2N1/Figure5_1perishable_4k.png>
Package pdftex.def Info: Simulation2_figures/GR_L1B2N1/Figure5_1perishable_4k.p
ng used on input line 539.
(pdftex.def)             Requested size: 364.23434pt x 176.33566pt.

<Simulation2_figures/GR_L1B2N1/Figure6_2perishable_5k.png, id=148, 910.602pt x 
440.847pt>
File: Simulation2_figures/GR_L1B2N1/Figure6_2perishable_5k.png Graphic file (ty
pe png)
 <use Simulation2_figures/GR_L1B2N1/Figure6_2perishable_5k.png>
Package pdftex.def Info: Simulation2_figures/GR_L1B2N1/Figure6_2perishable_5k.p
ng used on input line 546.
(pdftex.def)             Requested size: 364.23434pt x 176.33566pt.

[31

 <./Simulation2_figures/GR_L1B2N1/Figure1_1good_1k.png> <./Simulation2_figures/
GR_L1B2N1/Figure2_1good_4k.png>]

LaTeX Warning: `!h' float specifier changed to `!ht'.


LaTeX Warning: `!h' float specifier changed to `!ht'.

[32 <./Simulation2_figures/GR_L1B2N1/Figure3_2goods_5k.png> <./Simulation2_figu
res/GR_L1B2N1/Figure4_2goods_10k.png>] [33 <./Simulation2_figures/GR_L1B2N1/Fig
ure5_1perishable_4k.png> <./Simulation2_figures/GR_L1B2N1/Figure6_2perishable_5
k.png>]
<Simulation2_figures/GR_L1B2N2_321/Figure1_10k.png, id=164, 910.602pt x 440.847
pt>
File: Simulation2_figures/GR_L1B2N2_321/Figure1_10k.png Graphic file (type png)

 <use Simulation2_figures/GR_L1B2N2_321/Figure1_10k.png>
Package pdftex.def Info: Simulation2_figures/GR_L1B2N2_321/Figure1_10k.png used
 on input line 560.
(pdftex.def)             Requested size: 364.23434pt x 176.33566pt.

Underfull \hbox (badness 10000) in paragraph at lines 552--563

 []


Underfull \hbox (badness 10000) in paragraph at lines 552--563

 []

[34

 <./Simulation2_figures/GR_L1B2N2_321/Figure1_10k.png>]
Underfull \hbox (badness 10000) in paragraph at lines 568--572

 []

<YieldCurves/yieldcurve_P_QR.png, id=169, 910.90312pt x 514.92375pt>
File: YieldCurves/yieldcurve_P_QR.png Graphic file (type png)

<use YieldCurves/yieldcurve_P_QR.png>
Package pdftex.def Info: YieldCurves/yieldcurve_P_QR.png used on input line 584
.
(pdftex.def)             Requested size: 364.3548pt x 205.96585pt.
 [35

 <./YieldCurves/yieldcurve_P_QR.png>]
<YieldCurves/yieldcurve_P_QR2.png, id=174, 903.375pt x 510.40688pt>
File: YieldCurves/yieldcurve_P_QR2.png Graphic file (type png)

<use YieldCurves/yieldcurve_P_QR2.png>
Package pdftex.def Info: YieldCurves/yieldcurve_P_QR2.png used on input line 59
3.
(pdftex.def)             Requested size: 361.3436pt x 204.15913pt.
File: Simulation_figures/GR_L1B1N1/1perishable_1-1_15k.png Graphic file (type p
ng)

<use Simulation_figures/GR_L1B1N1/1perishable_1-1_15k.png>
Package pdftex.def Info: Simulation_figures/GR_L1B1N1/1perishable_1-1_15k.png u
sed on input line 614.
(pdftex.def)             Requested size: 364.23434pt x 176.33566pt.
 [36 <./YieldCurves/yieldcurve_P_QR2.png>]
<Simulation_figures/GR_L1B1N1/2perishable_2233_100k.png, id=179, 910.602pt x 44
0.847pt>
File: Simulation_figures/GR_L1B1N1/2perishable_2233_100k.png Graphic file (type
 png)
 <use Simulation_figures/GR_L1B1N1/2perishable_2233_100k.png>
Package pdftex.def Info: Simulation_figures/GR_L1B1N1/2perishable_2233_100k.png
 used on input line 621.
(pdftex.def)             Requested size: 364.23434pt x 176.33566pt.

<Simulation_figures/GR_L1B1N1/2perishable_largercommunity.png, id=180, 910.602p
t x 440.847pt>
File: Simulation_figures/GR_L1B1N1/2perishable_largercommunity.png Graphic file
 (type png)

<use Simulation_figures/GR_L1B1N1/2perishable_largercommunity.png>
Package pdftex.def Info: Simulation_figures/GR_L1B1N1/2perishable_largercommuni
ty.png used on input line 626.
(pdftex.def)             Requested size: 364.23434pt x 176.33566pt.


LaTeX Warning: `!h' float specifier changed to `!ht'.

[37 <./Simulation_figures/GR_L1B1N1/2perishable_2233_100k.png>] [38 <./Simulati
on_figures/GR_L1B1N1/2perishable_largercommunity.png>]
<Simulation_figures/GR_L1B1N2/321_1good.png, id=189, 910.602pt x 440.847pt>
File: Simulation_figures/GR_L1B1N2/321_1good.png Graphic file (type png)

<use Simulation_figures/GR_L1B1N2/321_1good.png>
Package pdftex.def Info: Simulation_figures/GR_L1B1N2/321_1good.png used on inp
ut line 638.
(pdftex.def)             Requested size: 364.23434pt x 176.33566pt.

Underfull \hbox (badness 10000) in paragraph at lines 631--641

 []


<Simulation_figures/GR_L1B1N2/2goods_spikes.png, id=190, 910.602pt x 440.847pt>
File: Simulation_figures/GR_L1B1N2/2goods_spikes.png Graphic file (type png)
<use Simulation_figures/GR_L1B1N2/2goods_spikes.png>
Package pdftex.def Info: Simulation_figures/GR_L1B1N2/2goods_spikes.png used on
 input line 646.
(pdftex.def)             Requested size: 364.23434pt x 176.33566pt.


LaTeX Warning: `!h' float specifier changed to `!ht'.

[39

 <./Simulation_figures/GR_L1B1N2/321_1good.png>] [40 <./Simulation_figures/GR_L
1B1N2/2goods_spikes.png>]
<Simulation2_figures/GR_L1B2N1_1good_2k.png, id=199, 910.602pt x 440.847pt>
File: Simulation2_figures/GR_L1B2N1_1good_2k.png Graphic file (type png)

<use Simulation2_figures/GR_L1B2N1_1good_2k.png>
Package pdftex.def Info: Simulation2_figures/GR_L1B2N1_1good_2k.png used on inp
ut line 655.
(pdftex.def)             Requested size: 364.23434pt x 176.33566pt.

<Simulation2_figures/GR_L1B2N1_1good_5k.png, id=200, 910.602pt x 440.847pt>
File: Simulation2_figures/GR_L1B2N1_1good_5k.png Graphic file (type png)

<use Simulation2_figures/GR_L1B2N1_1good_5k.png>
Package pdftex.def Info: Simulation2_figures/GR_L1B2N1_1good_5k.png used on inp
ut line 661.
(pdftex.def)             Requested size: 364.23434pt x 176.33566pt.

<Simulation2_figures/GR_L1B2N2_321_4k.png, id=201, 910.602pt x 440.847pt>
File: Simulation2_figures/GR_L1B2N2_321_4k.png Graphic file (type png)

<use Simulation2_figures/GR_L1B2N2_321_4k.png>
Package pdftex.def Info: Simulation2_figures/GR_L1B2N2_321_4k.png used on input
 line 673.
(pdftex.def)             Requested size: 364.23434pt x 176.33566pt.
 [41

 <./Simulation2_figures/GR_L1B2N1_1good_2k.png> <./Simulation2_figures/GR_L1B2N
1_1good_5k.png>] [42 <./Simulation2_figures/GR_L1B2N2_321_4k.png>]
Chapter 7.

Underfull \hbox (badness 10000) in paragraph at lines 693--704

 []


Underfull \hbox (badness 10000) in paragraph at lines 693--704

 []


Underfull \hbox (badness 10000) in paragraph at lines 693--704

 []


Underfull \hbox (badness 10000) in paragraph at lines 706--712

 []


Underfull \hbox (badness 10000) in paragraph at lines 706--712

 []

[43

] (./Thesis_TheGivingGame.bbl [44]) [45

] [46

]
Appendix A.
[47] <Manual/Input.png, id=229, 237.88875pt x 543.53062pt>
File: Manual/Input.png Graphic file (type png)

<use Manual/Input.png>
Package pdftex.def Info: Manual/Input.png used on input line 763.
(pdftex.def)             Requested size: 118.94408pt x 271.76463pt.
 <Manual/Output.png, id=230, 778.40813pt x 542.025pt>
File: Manual/Output.png Graphic file (type png)

<use Manual/Output.png>
Package pdftex.def Info: Manual/Output.png used on input line 768.
(pdftex.def)             Requested size: 389.20311pt x 271.01183pt.


LaTeX Warning: `h' float specifier changed to `ht'.


Overfull \hbox (2.84859pt too wide) in paragraph at lines 773--774
\OT1/cmr/m/n/10 Selection rules can be added by added a python func-tions for t
he se-lec-tion rule to \OT1/cmr/m/it/10 Se-lec-tion[]rules.py
 []

[48 <./Manual/Input.png>] [49 <./Manual/Output.png>]
(./Thesis_TheGivingGame.aux) ) 
Here is how much of TeX's memory you used:
 5699 strings out of 493308
 88107 string characters out of 6141368
 174823 words of memory out of 5000000
 9017 multiletter control sequences out of 15000+600000
 7468 words of font info for 27 fonts, out of 8000000 for 9000
 957 hyphenation exceptions out of 8191
 38i,15n,39p,1330b,355s stack positions out of 5000i,500n,10000p,200000b,80000s
<c:/texlive/2013/texmf-dist/fonts/type1/public/am
sfonts/cm/cmbx10.pfb><c:/texlive/2013/texmf-dist/fonts/type1/public/amsfonts/cm
/cmcsc10.pfb><c:/texlive/2013/texmf-dist/fonts/type1/public/amsfonts/cm/cmmi10.
pfb><c:/texlive/2013/texmf-dist/fonts/type1/public/amsfonts/cm/cmr10.pfb><c:/te
xlive/2013/texmf-dist/fonts/type1/public/amsfonts/cm/cmss10.pfb><c:/texlive/201
3/texmf-dist/fonts/type1/public/amsfonts/cm/cmss12.pfb><c:/texlive/2013/texmf-d
ist/fonts/type1/public/amsfonts/cm/cmss17.pfb><c:/texlive/2013/texmf-dist/fonts
/type1/public/amsfonts/cm/cmssbx10.pfb><c:/texlive/2013/texmf-dist/fonts/type1/
public/amsfonts/cm/cmsy10.pfb><c:/texlive/2013/texmf-dist/fonts/type1/public/am
sfonts/cm/cmti10.pfb>
Output written on Thesis_TheGivingGame.pdf (51 pages, 1507039 bytes).
PDF statistics:
 274 PDF objects out of 1000 (max. 8388607)
 148 compressed objects within 2 object streams
 0 named destinations out of 1000 (max. 500000)
 181 words of extra memory for PDF output out of 10000 (max. 10000000)

