This is pdfTeX, Version 3.1415926-2.5-1.40.14 (TeX Live 2013/W32TeX) (format=pdflatex 2014.4.9)  7 MAY 2015 13:37
entering extended mode
 restricted \write18 enabled.
 %&-line parsing enabled.
**Documentation.tex
(./Documentation.tex
LaTeX2e <2011/06/27>
Babel <3.9k> and hyphenation patterns for 78 languages loaded.
(c:/texlive/2013/texmf-dist/tex/latex/base/article.cls
Document Class: article 2007/10/19 v1.4h Standard LaTeX document class
(c:/texlive/2013/texmf-dist/tex/latex/base/size10.clo
File: size10.clo 2007/10/19 v1.4h Standard LaTeX file (size option)
)
\c@part=\count79
\c@section=\count80
\c@subsection=\count81
\c@subsubsection=\count82
\c@paragraph=\count83
\c@subparagraph=\count84
\c@figure=\count85
\c@table=\count86
\abovecaptionskip=\skip41
\belowcaptionskip=\skip42
\bibindent=\dimen102
)
(c:/texlive/2013/texmf-dist/tex/latex/fancyhdr/fancyhdr.sty
\fancy@headwidth=\skip43
\f@ncyO@elh=\skip44
\f@ncyO@erh=\skip45
\f@ncyO@olh=\skip46
\f@ncyO@orh=\skip47
\f@ncyO@elf=\skip48
\f@ncyO@erf=\skip49
\f@ncyO@olf=\skip50
\f@ncyO@orf=\skip51
)
(c:/texlive/2013/texmf-dist/tex/latex/lastpage/lastpage.sty
Package: lastpage 2013/01/28 v1.2l Refers to last page's name (HMM; JPG)
)
(c:/texlive/2013/texmf-dist/tex/latex/fancyhdr/extramarks.sty
\@temptokenb=\toks14
)
(c:/texlive/2013/texmf-dist/tex/latex/graphics/color.sty
Package: color 2005/11/14 v1.0j Standard LaTeX Color (DPC)

(c:/texlive/2013/texmf-dist/tex/latex/latexconfig/color.cfg
File: color.cfg 2007/01/18 v1.5 color configuration of teTeX/TeXLive
)
Package color Info: Driver file: pdftex.def on input line 130.

(c:/texlive/2013/texmf-dist/tex/latex/pdftex-def/pdftex.def
File: pdftex.def 2011/05/27 v0.06d Graphics/color for pdfTeX

(c:/texlive/2013/texmf-dist/tex/generic/oberdiek/infwarerr.sty
Package: infwarerr 2010/04/08 v1.3 Providing info/warning/error messages (HO)
)
(c:/texlive/2013/texmf-dist/tex/generic/oberdiek/ltxcmds.sty
Package: ltxcmds 2011/11/09 v1.22 LaTeX kernel commands for general use (HO)
)
\Gread@gobject=\count87
)
(c:/texlive/2013/texmf-dist/tex/latex/graphics/dvipsnam.def
File: dvipsnam.def 1999/02/16 v3.0i Driver-dependant file (DPC,SPQR)
))
(c:/texlive/2013/texmf-dist/tex/latex/graphics/graphicx.sty
Package: graphicx 1999/02/16 v1.0f Enhanced LaTeX Graphics (DPC,SPQR)

(c:/texlive/2013/texmf-dist/tex/latex/graphics/keyval.sty
Package: keyval 1999/03/16 v1.13 key=value parser (DPC)
\KV@toks@=\toks15
)
(c:/texlive/2013/texmf-dist/tex/latex/graphics/graphics.sty
Package: graphics 2009/02/05 v1.0o Standard LaTeX Graphics (DPC,SPQR)

(c:/texlive/2013/texmf-dist/tex/latex/graphics/trig.sty
Package: trig 1999/03/16 v1.09 sin cos tan (DPC)
)
(c:/texlive/2013/texmf-dist/tex/latex/latexconfig/graphics.cfg
File: graphics.cfg 2010/04/23 v1.9 graphics configuration of TeX Live
)
Package graphics Info: Driver file: pdftex.def on input line 91.
)
\Gin@req@height=\dimen103
\Gin@req@width=\dimen104
)
(c:/texlive/2013/texmf-dist/tex/latex/listings/listings.sty
\lst@mode=\count88
\lst@gtempboxa=\box26
\lst@token=\toks16
\lst@length=\count89
\lst@currlwidth=\dimen105
\lst@column=\count90
\lst@pos=\count91
\lst@lostspace=\dimen106
\lst@width=\dimen107
\lst@newlines=\count92
\lst@lineno=\count93
\lst@maxwidth=\dimen108

(c:/texlive/2013/texmf-dist/tex/latex/listings/lstmisc.sty
File: lstmisc.sty 2014/03/04 1.5c (Carsten Heinz)
\c@lstnumber=\count94
\lst@skipnumbers=\count95
\lst@framebox=\box27
)
(c:/texlive/2013/texmf-dist/tex/latex/listings/listings.cfg
File: listings.cfg 2014/03/04 1.5c listings configuration
))
Package: listings 2014/03/04 1.5c (Carsten Heinz)

(c:/texlive/2013/texmf-dist/tex/latex/psnfss/courier.sty
Package: courier 2005/04/12 PSNFSS-v9.2a (WaS) 
)
(c:/texlive/2013/texmf-dist/tex/latex/lipsum/lipsum.sty
Package: lipsum 2011/04/14 v1.2 150 paragraphs of Lorem Ipsum dummy text
\c@lips@count=\count96
)
(c:/texlive/2013/texmf-dist/tex/latex/pgf/frontendlayer/tikz.sty
(c:/texlive/2013/texmf-dist/tex/latex/pgf/basiclayer/pgf.sty
(c:/texlive/2013/texmf-dist/tex/latex/pgf/utilities/pgfrcs.sty
(c:/texlive/2013/texmf-dist/tex/generic/pgf/utilities/pgfutil-common.tex
\pgfutil@everybye=\toks17
\pgfutil@tempdima=\dimen109
\pgfutil@tempdimb=\dimen110

(c:/texlive/2013/texmf-dist/tex/generic/pgf/utilities/pgfutil-common-lists.tex)
) (c:/texlive/2013/texmf-dist/tex/generic/pgf/utilities/pgfutil-latex.def
\pgfutil@abb=\box28

(c:/texlive/2013/texmf-dist/tex/latex/ms/everyshi.sty
Package: everyshi 2001/05/15 v3.00 EveryShipout Package (MS)
))
(c:/texlive/2013/texmf-dist/tex/generic/pgf/utilities/pgfrcs.code.tex
Package: pgfrcs 2013/12/20 v3.0.0 (rcs-revision 1.28)
))
Package: pgf 2013/12/18 v3.0.0 (rcs-revision 1.14)

(c:/texlive/2013/texmf-dist/tex/latex/pgf/basiclayer/pgfcore.sty
(c:/texlive/2013/texmf-dist/tex/latex/pgf/systemlayer/pgfsys.sty
(c:/texlive/2013/texmf-dist/tex/generic/pgf/systemlayer/pgfsys.code.tex
Package: pgfsys 2013/11/30 v3.0.0 (rcs-revision 1.47)

(c:/texlive/2013/texmf-dist/tex/generic/pgf/utilities/pgfkeys.code.tex
\pgfkeys@pathtoks=\toks18
\pgfkeys@temptoks=\toks19

(c:/texlive/2013/texmf-dist/tex/generic/pgf/utilities/pgfkeysfiltered.code.tex
\pgfkeys@tmptoks=\toks20
))
\pgf@x=\dimen111
\pgf@y=\dimen112
\pgf@xa=\dimen113
\pgf@ya=\dimen114
\pgf@xb=\dimen115
\pgf@yb=\dimen116
\pgf@xc=\dimen117
\pgf@yc=\dimen118
\w@pgf@writea=\write3
\r@pgf@reada=\read1
\c@pgf@counta=\count97
\c@pgf@countb=\count98
\c@pgf@countc=\count99
\c@pgf@countd=\count100
\t@pgf@toka=\toks21
\t@pgf@tokb=\toks22
\t@pgf@tokc=\toks23
 (c:/texlive/2013/texmf-dist/tex/generic/pgf/systemlayer/pgf.cfg
File: pgf.cfg 2008/05/14  (rcs-revision 1.7)
)
Driver file for pgf: pgfsys-pdftex.def

(c:/texlive/2013/texmf-dist/tex/generic/pgf/systemlayer/pgfsys-pdftex.def
File: pgfsys-pdftex.def 2013/07/18  (rcs-revision 1.33)

(c:/texlive/2013/texmf-dist/tex/generic/pgf/systemlayer/pgfsys-common-pdf.def
File: pgfsys-common-pdf.def 2013/10/10  (rcs-revision 1.13)
)))
(c:/texlive/2013/texmf-dist/tex/generic/pgf/systemlayer/pgfsyssoftpath.code.tex
File: pgfsyssoftpath.code.tex 2013/09/09  (rcs-revision 1.9)
\pgfsyssoftpath@smallbuffer@items=\count101
\pgfsyssoftpath@bigbuffer@items=\count102
)
(c:/texlive/2013/texmf-dist/tex/generic/pgf/systemlayer/pgfsysprotocol.code.tex
File: pgfsysprotocol.code.tex 2006/10/16  (rcs-revision 1.4)
)) (c:/texlive/2013/texmf-dist/tex/latex/xcolor/xcolor.sty
Package: xcolor 2007/01/21 v2.11 LaTeX color extensions (UK)

(c:/texlive/2013/texmf-dist/tex/latex/latexconfig/color.cfg
File: color.cfg 2007/01/18 v1.5 color configuration of teTeX/TeXLive
)
Package xcolor Info: Driver file: pdftex.def on input line 225.
LaTeX Info: Redefining \color on input line 702.
Package xcolor Info: Model `cmy' substituted by `cmy0' on input line 1337.
Package xcolor Info: Model `hsb' substituted by `rgb' on input line 1341.
Package xcolor Info: Model `RGB' extended on input line 1353.
Package xcolor Info: Model `HTML' substituted by `rgb' on input line 1355.
Package xcolor Info: Model `Hsb' substituted by `hsb' on input line 1356.
Package xcolor Info: Model `tHsb' substituted by `hsb' on input line 1357.
Package xcolor Info: Model `HSB' substituted by `hsb' on input line 1358.
Package xcolor Info: Model `Gray' substituted by `gray' on input line 1359.
Package xcolor Info: Model `wave' substituted by `hsb' on input line 1360.
)
(c:/texlive/2013/texmf-dist/tex/generic/pgf/basiclayer/pgfcore.code.tex
Package: pgfcore 2010/04/11 v3.0.0 (rcs-revision 1.7)

(c:/texlive/2013/texmf-dist/tex/generic/pgf/math/pgfmath.code.tex
(c:/texlive/2013/texmf-dist/tex/generic/pgf/math/pgfmathcalc.code.tex
(c:/texlive/2013/texmf-dist/tex/generic/pgf/math/pgfmathutil.code.tex)
(c:/texlive/2013/texmf-dist/tex/generic/pgf/math/pgfmathparser.code.tex
\pgfmath@dimen=\dimen119
\pgfmath@count=\count103
\pgfmath@box=\box29
\pgfmath@toks=\toks24
\pgfmath@stack@operand=\toks25
\pgfmath@stack@operation=\toks26
)
(c:/texlive/2013/texmf-dist/tex/generic/pgf/math/pgfmathfunctions.code.tex
(c:/texlive/2013/texmf-dist/tex/generic/pgf/math/pgfmathfunctions.basic.code.te
x)
(c:/texlive/2013/texmf-dist/tex/generic/pgf/math/pgfmathfunctions.trigonometric
.code.tex)
(c:/texlive/2013/texmf-dist/tex/generic/pgf/math/pgfmathfunctions.random.code.t
ex)
(c:/texlive/2013/texmf-dist/tex/generic/pgf/math/pgfmathfunctions.comparison.co
de.tex)
(c:/texlive/2013/texmf-dist/tex/generic/pgf/math/pgfmathfunctions.base.code.tex
)
(c:/texlive/2013/texmf-dist/tex/generic/pgf/math/pgfmathfunctions.round.code.te
x)
(c:/texlive/2013/texmf-dist/tex/generic/pgf/math/pgfmathfunctions.misc.code.tex
)
(c:/texlive/2013/texmf-dist/tex/generic/pgf/math/pgfmathfunctions.integerarithm
etics.code.tex)))
(c:/texlive/2013/texmf-dist/tex/generic/pgf/math/pgfmathfloat.code.tex
\c@pgfmathroundto@lastzeros=\count104
))
(c:/texlive/2013/texmf-dist/tex/generic/pgf/basiclayer/pgfcorepoints.code.tex
File: pgfcorepoints.code.tex 2013/10/07  (rcs-revision 1.27)
\pgf@picminx=\dimen120
\pgf@picmaxx=\dimen121
\pgf@picminy=\dimen122
\pgf@picmaxy=\dimen123
\pgf@pathminx=\dimen124
\pgf@pathmaxx=\dimen125
\pgf@pathminy=\dimen126
\pgf@pathmaxy=\dimen127
\pgf@xx=\dimen128
\pgf@xy=\dimen129
\pgf@yx=\dimen130
\pgf@yy=\dimen131
\pgf@zx=\dimen132
\pgf@zy=\dimen133
)
(c:/texlive/2013/texmf-dist/tex/generic/pgf/basiclayer/pgfcorepathconstruct.cod
e.tex
File: pgfcorepathconstruct.code.tex 2013/10/07  (rcs-revision 1.29)
\pgf@path@lastx=\dimen134
\pgf@path@lasty=\dimen135
)
(c:/texlive/2013/texmf-dist/tex/generic/pgf/basiclayer/pgfcorepathusage.code.te
x
File: pgfcorepathusage.code.tex 2013/12/13  (rcs-revision 1.23)
\pgf@shorten@end@additional=\dimen136
\pgf@shorten@start@additional=\dimen137
)
(c:/texlive/2013/texmf-dist/tex/generic/pgf/basiclayer/pgfcorescopes.code.tex
File: pgfcorescopes.code.tex 2013/10/09  (rcs-revision 1.44)
\pgfpic=\box30
\pgf@hbox=\box31
\pgf@layerbox@main=\box32
\pgf@picture@serial@count=\count105
)
(c:/texlive/2013/texmf-dist/tex/generic/pgf/basiclayer/pgfcoregraphicstate.code
.tex
File: pgfcoregraphicstate.code.tex 2013/09/19  (rcs-revision 1.11)
\pgflinewidth=\dimen138
)
(c:/texlive/2013/texmf-dist/tex/generic/pgf/basiclayer/pgfcoretransformations.c
ode.tex
File: pgfcoretransformations.code.tex 2013/10/10  (rcs-revision 1.17)
\pgf@pt@x=\dimen139
\pgf@pt@y=\dimen140
\pgf@pt@temp=\dimen141
)
(c:/texlive/2013/texmf-dist/tex/generic/pgf/basiclayer/pgfcorequick.code.tex
File: pgfcorequick.code.tex 2008/10/09  (rcs-revision 1.3)
)
(c:/texlive/2013/texmf-dist/tex/generic/pgf/basiclayer/pgfcoreobjects.code.tex
File: pgfcoreobjects.code.tex 2006/10/11  (rcs-revision 1.2)
)
(c:/texlive/2013/texmf-dist/tex/generic/pgf/basiclayer/pgfcorepathprocessing.co
de.tex
File: pgfcorepathprocessing.code.tex 2013/09/09  (rcs-revision 1.9)
)
(c:/texlive/2013/texmf-dist/tex/generic/pgf/basiclayer/pgfcorearrows.code.tex
File: pgfcorearrows.code.tex 2013/11/07  (rcs-revision 1.40)
\pgfarrowsep=\dimen142
)
(c:/texlive/2013/texmf-dist/tex/generic/pgf/basiclayer/pgfcoreshade.code.tex
File: pgfcoreshade.code.tex 2013/07/15  (rcs-revision 1.15)
\pgf@max=\dimen143
\pgf@sys@shading@range@num=\count106
)
(c:/texlive/2013/texmf-dist/tex/generic/pgf/basiclayer/pgfcoreimage.code.tex
File: pgfcoreimage.code.tex 2013/07/15  (rcs-revision 1.18)

(c:/texlive/2013/texmf-dist/tex/generic/pgf/basiclayer/pgfcoreexternal.code.tex
File: pgfcoreexternal.code.tex 2013/07/15  (rcs-revision 1.20)
\pgfexternal@startupbox=\box33
))
(c:/texlive/2013/texmf-dist/tex/generic/pgf/basiclayer/pgfcorelayers.code.tex
File: pgfcorelayers.code.tex 2013/07/18  (rcs-revision 1.7)
)
(c:/texlive/2013/texmf-dist/tex/generic/pgf/basiclayer/pgfcoretransparency.code
.tex
File: pgfcoretransparency.code.tex 2013/09/30  (rcs-revision 1.5)
)
(c:/texlive/2013/texmf-dist/tex/generic/pgf/basiclayer/pgfcorepatterns.code.tex
File: pgfcorepatterns.code.tex 2013/11/07  (rcs-revision 1.5)
)))
(c:/texlive/2013/texmf-dist/tex/generic/pgf/modules/pgfmoduleshapes.code.tex
File: pgfmoduleshapes.code.tex 2013/10/31  (rcs-revision 1.34)
\pgfnodeparttextbox=\box34
)
(c:/texlive/2013/texmf-dist/tex/generic/pgf/modules/pgfmoduleplot.code.tex
File: pgfmoduleplot.code.tex 2013/07/31  (rcs-revision 1.12)
)
(c:/texlive/2013/texmf-dist/tex/latex/pgf/compatibility/pgfcomp-version-0-65.st
y
Package: pgfcomp-version-0-65 2007/07/03 v3.0.0 (rcs-revision 1.7)
\pgf@nodesepstart=\dimen144
\pgf@nodesepend=\dimen145
)
(c:/texlive/2013/texmf-dist/tex/latex/pgf/compatibility/pgfcomp-version-1-18.st
y
Package: pgfcomp-version-1-18 2007/07/23 v3.0.0 (rcs-revision 1.1)
)) (c:/texlive/2013/texmf-dist/tex/latex/pgf/utilities/pgffor.sty
(c:/texlive/2013/texmf-dist/tex/latex/pgf/utilities/pgfkeys.sty
(c:/texlive/2013/texmf-dist/tex/generic/pgf/utilities/pgfkeys.code.tex))
(c:/texlive/2013/texmf-dist/tex/latex/pgf/math/pgfmath.sty
(c:/texlive/2013/texmf-dist/tex/generic/pgf/math/pgfmath.code.tex))
(c:/texlive/2013/texmf-dist/tex/generic/pgf/utilities/pgffor.code.tex
Package: pgffor 2013/12/13 v3.0.0 (rcs-revision 1.25)

(c:/texlive/2013/texmf-dist/tex/generic/pgf/math/pgfmath.code.tex)
\pgffor@iter=\dimen146
\pgffor@skip=\dimen147
\pgffor@stack=\toks27
\pgffor@toks=\toks28
))
(c:/texlive/2013/texmf-dist/tex/generic/pgf/frontendlayer/tikz/tikz.code.tex
Package: tikz 2013/12/13 v3.0.0 (rcs-revision 1.142)

(c:/texlive/2013/texmf-dist/tex/generic/pgf/libraries/pgflibraryplothandlers.co
de.tex
File: pgflibraryplothandlers.code.tex 2013/08/31 v3.0.0 (rcs-revision 1.20)
\pgf@plot@mark@count=\count107
\pgfplotmarksize=\dimen148
)
\tikz@lastx=\dimen149
\tikz@lasty=\dimen150
\tikz@lastxsaved=\dimen151
\tikz@lastysaved=\dimen152
\tikzleveldistance=\dimen153
\tikzsiblingdistance=\dimen154
\tikz@figbox=\box35
\tikz@figbox@bg=\box36
\tikz@tempbox=\box37
\tikz@tempbox@bg=\box38
\tikztreelevel=\count108
\tikznumberofchildren=\count109
\tikznumberofcurrentchild=\count110
\tikz@fig@count=\count111

(c:/texlive/2013/texmf-dist/tex/generic/pgf/modules/pgfmodulematrix.code.tex
File: pgfmodulematrix.code.tex 2013/09/17  (rcs-revision 1.8)
\pgfmatrixcurrentrow=\count112
\pgfmatrixcurrentcolumn=\count113
\pgf@matrix@numberofcolumns=\count114
)
\tikz@expandcount=\count115

(c:/texlive/2013/texmf-dist/tex/generic/pgf/frontendlayer/tikz/libraries/tikzli
brarytopaths.code.tex
File: tikzlibrarytopaths.code.tex 2008/06/17 v3.0.0 (rcs-revision 1.2)
)))
(c:/texlive/2013/texmf-dist/tex/latex/keycommand/keycommand.sty
Package: keycommand 2010/04/27 v3.1415 - key-value interface for commands and e
nvironments in LaTeX

(c:/texlive/2013/texmf-dist/tex/latex/etex-pkg/etex.sty
Package: etex 1998/03/26 v2.0 eTeX basic definition package (PEB)
\et@xins=\count116
)
(c:/texlive/2013/texmf-dist/tex/generic/oberdiek/kvsetkeys.sty
Package: kvsetkeys 2012/04/25 v1.16 Key value parser (HO)

(c:/texlive/2013/texmf-dist/tex/generic/oberdiek/etexcmds.sty
Package: etexcmds 2011/02/16 v1.5 Avoid name clashes with e-TeX commands (HO)

(c:/texlive/2013/texmf-dist/tex/generic/oberdiek/ifluatex.sty
Package: ifluatex 2010/03/01 v1.3 Provides the ifluatex switch (HO)
Package ifluatex Info: LuaTeX not detected.
)
Package etexcmds Info: Could not find \expanded.
(etexcmds)             That can mean that you are not using pdfTeX 1.50 or
(etexcmds)             that some package has redefined \expanded.
(etexcmds)             In the latter case, load this package earlier.
))
(c:/texlive/2013/texmf-dist/tex/latex/xkeyval/xkeyval.sty
Package: xkeyval 2012/10/14 v2.6b package option processing (HA)

(c:/texlive/2013/texmf-dist/tex/generic/xkeyval/xkeyval.tex
\XKV@toks=\toks29
\XKV@tempa@toks=\toks30
\XKV@depth=\count117
File: xkeyval.tex 2012/10/14 v2.6b key=value parser (HA)
))
(c:/texlive/2013/texmf-dist/tex/latex/etoolbox/etoolbox.sty
Package: etoolbox 2011/01/03 v2.1 e-TeX tools for LaTeX
\etb@tempcnta=\count118
))
(c:/texlive/2013/texmf-dist/tex/generic/pgf/frontendlayer/tikz/libraries/tikzli
braryshapes.code.tex
File: tikzlibraryshapes.code.tex 2008/01/09 v3.0.0 (rcs-revision 1.1)

(c:/texlive/2013/texmf-dist/tex/generic/pgf/frontendlayer/tikz/libraries/tikzli
braryshapes.geometric.code.tex
File: tikzlibraryshapes.geometric.code.tex 2008/01/09 v3.0.0 (rcs-revision 1.1)


(c:/texlive/2013/texmf-dist/tex/generic/pgf/libraries/shapes/pgflibraryshapes.g
eometric.code.tex
File: pgflibraryshapes.geometric.code.tex 2008/06/26 v3.0.0 (rcs-revision 1.1)
))
(c:/texlive/2013/texmf-dist/tex/generic/pgf/frontendlayer/tikz/libraries/tikzli
braryshapes.misc.code.tex
File: tikzlibraryshapes.misc.code.tex 2008/01/09 v3.0.0 (rcs-revision 1.1)

(c:/texlive/2013/texmf-dist/tex/generic/pgf/libraries/shapes/pgflibraryshapes.m
isc.code.tex
File: pgflibraryshapes.misc.code.tex 2013/07/18 v3.0.0 (rcs-revision 1.5)
))
(c:/texlive/2013/texmf-dist/tex/generic/pgf/frontendlayer/tikz/libraries/tikzli
braryshapes.symbols.code.tex
File: tikzlibraryshapes.symbols.code.tex 2008/01/09 v3.0.0 (rcs-revision 1.1)

(c:/texlive/2013/texmf-dist/tex/generic/pgf/libraries/shapes/pgflibraryshapes.s
ymbols.code.tex
File: pgflibraryshapes.symbols.code.tex 2013/09/11 v3.0.0 (rcs-revision 1.6)
))
(c:/texlive/2013/texmf-dist/tex/generic/pgf/frontendlayer/tikz/libraries/tikzli
braryshapes.arrows.code.tex
File: tikzlibraryshapes.arrows.code.tex 2008/01/09 v3.0.0 (rcs-revision 1.1)

(c:/texlive/2013/texmf-dist/tex/generic/pgf/libraries/shapes/pgflibraryshapes.a
rrows.code.tex
File: pgflibraryshapes.arrows.code.tex 2008/06/26 v3.0.0 (rcs-revision 1.1)
))
(c:/texlive/2013/texmf-dist/tex/generic/pgf/frontendlayer/tikz/libraries/tikzli
braryshapes.callouts.code.tex
(c:/texlive/2013/texmf-dist/tex/generic/pgf/libraries/shapes/pgflibraryshapes.c
allouts.code.tex))
(c:/texlive/2013/texmf-dist/tex/generic/pgf/frontendlayer/tikz/libraries/tikzli
braryshapes.multipart.code.tex
File: tikzlibraryshapes.multipart.code.tex 2008/01/09 v3.0.0 (rcs-revision 1.1)


(c:/texlive/2013/texmf-dist/tex/generic/pgf/libraries/shapes/pgflibraryshapes.m
ultipart.code.tex
File: pgflibraryshapes.multipart.code.tex 2010/01/07 v3.0.0 (rcs-revision 1.2)
\pgfnodepartlowerbox=\box39
\pgfnodeparttwobox=\box40
\pgfnodepartthreebox=\box41
\pgfnodepartfourbox=\box42
\pgfnodeparttwentybox=\box43
\pgfnodepartnineteenbox=\box44
\pgfnodeparteighteenbox=\box45
\pgfnodepartseventeenbox=\box46
\pgfnodepartsixteenbox=\box47
\pgfnodepartfifteenbox=\box48
\pgfnodepartfourteenbox=\box49
\pgfnodepartthirteenbox=\box50
\pgfnodeparttwelvebox=\box51
\pgfnodepartelevenbox=\box52
\pgfnodeparttenbox=\box53
\pgfnodepartninebox=\box54
\pgfnodeparteightbox=\box55
\pgfnodepartsevenbox=\box56
\pgfnodepartsixbox=\box57
\pgfnodepartfivebox=\box58
)))
(c:/texlive/2013/texmf-dist/tex/latex/listings/lstlang1.sty
File: lstlang1.sty 2014/03/04 1.5c listings language file
)
\c@homeworkProblemCounter=\count119

(./Documentation.aux)
\openout1 = `Documentation.aux'.

LaTeX Font Info:    Checking defaults for OML/cmm/m/it on input line 178.
LaTeX Font Info:    ... okay on input line 178.
LaTeX Font Info:    Checking defaults for T1/cmr/m/n on input line 178.
LaTeX Font Info:    ... okay on input line 178.
LaTeX Font Info:    Checking defaults for OT1/cmr/m/n on input line 178.
LaTeX Font Info:    ... okay on input line 178.
LaTeX Font Info:    Checking defaults for OMS/cmsy/m/n on input line 178.
LaTeX Font Info:    ... okay on input line 178.
LaTeX Font Info:    Checking defaults for OMX/cmex/m/n on input line 178.
LaTeX Font Info:    ... okay on input line 178.
LaTeX Font Info:    Checking defaults for U/cmr/m/n on input line 178.
LaTeX Font Info:    ... okay on input line 178.
Package lastpage Info: Please have a look at the pageslts package at
(lastpage)             http://www.ctan.org/tex-archive/ 
(lastpage)             macros/latex/contrib/pageslts/ 
(lastpage)             or
(lastpage)             http://www.ctan.org/tex-archive/ 
(lastpage)             install/macros/latex/contrib/pageslts.tds.zip
(lastpage)             ! on input line 178.

(c:/texlive/2013/texmf-dist/tex/context/base/supp-pdf.mkii
[Loading MPS to PDF converter (version 2006.09.02).]
\scratchcounter=\count120
\scratchdimen=\dimen155
\scratchbox=\box59
\nofMPsegments=\count121
\nofMParguments=\count122
\everyMPshowfont=\toks31
\MPscratchCnt=\count123
\MPscratchDim=\dimen156
\MPnumerator=\count124
\makeMPintoPDFobject=\count125
\everyMPtoPDFconversion=\toks32
) (c:/texlive/2013/texmf-dist/tex/generic/oberdiek/pdftexcmds.sty
Package: pdftexcmds 2011/11/29 v0.20 Utility functions of pdfTeX for LuaTeX (HO
)

(c:/texlive/2013/texmf-dist/tex/generic/oberdiek/ifpdf.sty
Package: ifpdf 2011/01/30 v2.3 Provides the ifpdf switch (HO)
Package ifpdf Info: pdfTeX in PDF mode is detected.
)
Package pdftexcmds Info: LuaTeX not detected.
Package pdftexcmds Info: \pdf@primitive is available.
Package pdftexcmds Info: \pdf@ifprimitive is available.
Package pdftexcmds Info: \pdfdraftmode found.
)
(c:/texlive/2013/texmf-dist/tex/latex/oberdiek/epstopdf-base.sty
Package: epstopdf-base 2010/02/09 v2.5 Base part for package epstopdf

(c:/texlive/2013/texmf-dist/tex/latex/oberdiek/grfext.sty
Package: grfext 2010/08/19 v1.1 Manage graphics extensions (HO)

(c:/texlive/2013/texmf-dist/tex/generic/oberdiek/kvdefinekeys.sty
Package: kvdefinekeys 2011/04/07 v1.3 Define keys (HO)
))
(c:/texlive/2013/texmf-dist/tex/latex/oberdiek/kvoptions.sty
Package: kvoptions 2011/06/30 v3.11 Key value format for package options (HO)
)
Package grfext Info: Graphics extension search list:
(grfext)             [.png,.pdf,.jpg,.mps,.jpeg,.jbig2,.jb2,.PNG,.PDF,.JPG,.JPE
G,.JBIG2,.JB2,.eps]
(grfext)             \AppendGraphicsExtensions on input line 452.

(c:/texlive/2013/texmf-dist/tex/latex/latexconfig/epstopdf-sys.cfg
File: epstopdf-sys.cfg 2010/07/13 v1.3 Configuration of (r)epstopdf for TeX Liv
e
))
\c@lstlisting=\count126

ABD: EveryShipout initializing macros
LaTeX Font Info:    External font `cmex10' loaded for size
(Font)              <12> on input line 180.
LaTeX Font Info:    External font `cmex10' loaded for size
(Font)              <8> on input line 180.
LaTeX Font Info:    External font `cmex10' loaded for size
(Font)              <6> on input line 180.
 [1

{c:/texlive/2013/texmf-var/fonts/map/pdftex/updmap/pdftex.map}] (./Documentatio
n.toc
LaTeX Font Info:    External font `cmex10' loaded for size
(Font)              <7> on input line 3.
LaTeX Font Info:    External font `cmex10' loaded for size
(Font)              <5> on input line 3.
)
\tf@toc=\write4
\openout4 = `Documentation.toc'.

 [2]
LaTeX Font Info:    Try loading font information for OMS+cmr on input line 224.


(c:/texlive/2013/texmf-dist/tex/latex/base/omscmr.fd
File: omscmr.fd 1999/05/25 v2.5h Standard LaTeX font definitions
)
LaTeX Font Info:    Font shape `OMS/cmr/m/n' in size <10> not available
(Font)              Font shape `OMS/cmsy/m/n' tried instead on input line 224.

(c:/texlive/2013/texmf-dist/tex/latex/listings/lstlang1.sty
File: lstlang1.sty 2014/03/04 1.5c listings language file
)
LaTeX Font Info:    Try loading font information for OT1+pcr on input line 229.


(c:/texlive/2013/texmf-dist/tex/latex/psnfss/ot1pcr.fd
File: ot1pcr.fd 2001/06/04 font definitions for OT1/pcr.
)

Package xcolor Warning: Incompatible color definition on input line 230.


Package xcolor Warning: Incompatible color definition on input line 244.

[3]

Package xcolor Warning: Incompatible color definition on input line 276.


Package xcolor Warning: Incompatible color definition on input line 290.


Package xcolor Warning: Incompatible color definition on input line 305.


Package xcolor Warning: Incompatible color definition on input line 310.


Package xcolor Warning: Incompatible color definition on input line 324.

[4]

Package xcolor Warning: Incompatible color definition on input line 350.


Package xcolor Warning: Incompatible color definition on input line 365.


Package xcolor Warning: Incompatible color definition on input line 380.


Package xcolor Warning: Incompatible color definition on input line 385.


Package xcolor Warning: Incompatible color definition on input line 397.

[5]

Package xcolor Warning: Incompatible color definition on input line 419.


Package xcolor Warning: Incompatible color definition on input line 440.


Package xcolor Warning: Incompatible color definition on input line 440.


Overfull \hbox (102.65083pt too wide) in paragraph at lines 440--441
[][][][][][][][][][][][][][][][][][][][][][][][][][][][][][][][][][] 
 []


Package xcolor Warning: Incompatible color definition on input line 454.


Package xcolor Warning: Incompatible color definition on input line 469.

[6]

Package xcolor Warning: Incompatible color definition on input line 484.


Package xcolor Warning: Incompatible color definition on input line 507.


Package xcolor Warning: Incompatible color definition on input line 520.


Package xcolor Warning: Incompatible color definition on input line 534.

[7]

Package xcolor Warning: Incompatible color definition on input line 551.


Package xcolor Warning: Incompatible color definition on input line 564.


Package xcolor Warning: Incompatible color definition on input line 569.


Package xcolor Warning: Incompatible color definition on input line 574.


Package xcolor Warning: Incompatible color definition on input line 579.


Package xcolor Warning: Incompatible color definition on input line 584.


Package xcolor Warning: Incompatible color definition on input line 589.


Package xcolor Warning: Incompatible color definition on input line 594.

[8]

Package xcolor Warning: Incompatible color definition on input line 608.


Package xcolor Warning: Incompatible color definition on input line 609.


Package xcolor Warning: Incompatible color definition on input line 609.


Package xcolor Warning: Incompatible color definition on input line 609.


Package xcolor Warning: Incompatible color definition on input line 609.


Package xcolor Warning: Incompatible color definition on input line 610.


Package xcolor Warning: Incompatible color definition on input line 610.


Package xcolor Warning: Incompatible color definition on input line 610.


Package xcolor Warning: Incompatible color definition on input line 610.


Package xcolor Warning: Incompatible color definition on input line 610.


Package xcolor Warning: Incompatible color definition on input line 610.


Package xcolor Warning: Incompatible color definition on input line 611.


Package xcolor Warning: Incompatible color definition on input line 611.


Package xcolor Warning: Incompatible color definition on input line 611.


Package xcolor Warning: Incompatible color definition on input line 611.


Package xcolor Warning: Incompatible color definition on input line 611.


Package xcolor Warning: Incompatible color definition on input line 611.


Package xcolor Warning: Incompatible color definition on input line 612.


Package xcolor Warning: Incompatible color definition on input line 612.


Package xcolor Warning: Incompatible color definition on input line 612.


Package xcolor Warning: Incompatible color definition on input line 612.


Package xcolor Warning: Incompatible color definition on input line 612.


Package xcolor Warning: Incompatible color definition on input line 612.


Package xcolor Warning: Incompatible color definition on input line 612.


Package xcolor Warning: Incompatible color definition on input line 614.


Package xcolor Warning: Incompatible color definition on input line 614.


Package xcolor Warning: Incompatible color definition on input line 614.


Package xcolor Warning: Incompatible color definition on input line 614.


Package xcolor Warning: Incompatible color definition on input line 614.


Package xcolor Warning: Incompatible color definition on input line 614.


Package xcolor Warning: Incompatible color definition on input line 615.


Package xcolor Warning: Incompatible color definition on input line 615.


Package xcolor Warning: Incompatible color definition on input line 615.


Package xcolor Warning: Incompatible color definition on input line 615.


Package xcolor Warning: Incompatible color definition on input line 615.


Package xcolor Warning: Incompatible color definition on input line 615.


Package xcolor Warning: Incompatible color definition on input line 615.


Package xcolor Warning: Incompatible color definition on input line 615.


Package xcolor Warning: Incompatible color definition on input line 615.


Package xcolor Warning: Incompatible color definition on input line 616.


Package xcolor Warning: Incompatible color definition on input line 616.


Package xcolor Warning: Incompatible color definition on input line 616.


Package xcolor Warning: Incompatible color definition on input line 616.


Package xcolor Warning: Incompatible color definition on input line 616.


Package xcolor Warning: Incompatible color definition on input line 616.


Package xcolor Warning: Incompatible color definition on input line 616.


Package xcolor Warning: Incompatible color definition on input line 616.


Package xcolor Warning: Incompatible color definition on input line 616.


Package xcolor Warning: Incompatible color definition on input line 616.


Package xcolor Warning: Incompatible color definition on input line 616.


Package xcolor Warning: Incompatible color definition on input line 617.


Package xcolor Warning: Incompatible color definition on input line 617.


Package xcolor Warning: Incompatible color definition on input line 617.


Package xcolor Warning: Incompatible color definition on input line 617.


Package xcolor Warning: Incompatible color definition on input line 617.


Package xcolor Warning: Incompatible color definition on input line 617.


Package xcolor Warning: Incompatible color definition on input line 617.


Package xcolor Warning: Incompatible color definition on input line 617.


Package xcolor Warning: Incompatible color definition on input line 618.


Package xcolor Warning: Incompatible color definition on input line 618.


Package xcolor Warning: Incompatible color definition on input line 618.


Package xcolor Warning: Incompatible color definition on input line 618.


Package xcolor Warning: Incompatible color definition on input line 618.


Package xcolor Warning: Incompatible color definition on input line 618.


Package xcolor Warning: Incompatible color definition on input line 618.


Package xcolor Warning: Incompatible color definition on input line 619.


Package xcolor Warning: Incompatible color definition on input line 620.


Package xcolor Warning: Incompatible color definition on input line 622.


Package xcolor Warning: Incompatible color definition on input line 622.


Package xcolor Warning: Incompatible color definition on input line 623.


Package xcolor Warning: Incompatible color definition on input line 623.


Package xcolor Warning: Incompatible color definition on input line 623.


Package xcolor Warning: Incompatible color definition on input line 623.


Package xcolor Warning: Incompatible color definition on input line 624.


Package xcolor Warning: Incompatible color definition on input line 624.


Package xcolor Warning: Incompatible color definition on input line 624.


Package xcolor Warning: Incompatible color definition on input line 624.


Package xcolor Warning: Incompatible color definition on input line 624.


Package xcolor Warning: Incompatible color definition on input line 624.


Package xcolor Warning: Incompatible color definition on input line 625.


Package xcolor Warning: Incompatible color definition on input line 625.


Package xcolor Warning: Incompatible color definition on input line 625.


Package xcolor Warning: Incompatible color definition on input line 625.


Package xcolor Warning: Incompatible color definition on input line 626.


Package xcolor Warning: Incompatible color definition on input line 627.


Package xcolor Warning: Incompatible color definition on input line 627.


Package xcolor Warning: Incompatible color definition on input line 627.


Package xcolor Warning: Incompatible color definition on input line 627.


Package xcolor Warning: Incompatible color definition on input line 627.


Package xcolor Warning: Incompatible color definition on input line 627.


Package xcolor Warning: Incompatible color definition on input line 627.


Package xcolor Warning: Incompatible color definition on input line 627.


Package xcolor Warning: Incompatible color definition on input line 627.


Package xcolor Warning: Incompatible color definition on input line 627.


Package xcolor Warning: Incompatible color definition on input line 627.


Package xcolor Warning: Incompatible color definition on input line 627.


Package xcolor Warning: Incompatible color definition on input line 627.


Package xcolor Warning: Incompatible color definition on input line 627.


Package xcolor Warning: Incompatible color definition on input line 627.


Package xcolor Warning: Incompatible color definition on input line 627.


Package xcolor Warning: Incompatible color definition on input line 628.


Package xcolor Warning: Incompatible color definition on input line 628.


Package xcolor Warning: Incompatible color definition on input line 628.


Package xcolor Warning: Incompatible color definition on input line 628.


Package xcolor Warning: Incompatible color definition on input line 628.


Package xcolor Warning: Incompatible color definition on input line 628.


Package xcolor Warning: Incompatible color definition on input line 628.


Package xcolor Warning: Incompatible color definition on input line 628.


Package xcolor Warning: Incompatible color definition on input line 628.


Package xcolor Warning: Incompatible color definition on input line 628.


Package xcolor Warning: Incompatible color definition on input line 628.


Package xcolor Warning: Incompatible color definition on input line 628.


Package xcolor Warning: Incompatible color definition on input line 628.


Package xcolor Warning: Incompatible color definition on input line 628.


Package xcolor Warning: Incompatible color definition on input line 628.


Package xcolor Warning: Incompatible color definition on input line 629.


Package xcolor Warning: Incompatible color definition on input line 629.


Package xcolor Warning: Incompatible color definition on input line 629.


Package xcolor Warning: Incompatible color definition on input line 629.


Package xcolor Warning: Incompatible color definition on input line 629.


Package xcolor Warning: Incompatible color definition on input line 629.


Package xcolor Warning: Incompatible color definition on input line 629.


Package xcolor Warning: Incompatible color definition on input line 629.


Package xcolor Warning: Incompatible color definition on input line 629.


Package xcolor Warning: Incompatible color definition on input line 629.


Package xcolor Warning: Incompatible color definition on input line 629.


Package xcolor Warning: Incompatible color definition on input line 629.


Package xcolor Warning: Incompatible color definition on input line 629.


Package xcolor Warning: Incompatible color definition on input line 629.


Package xcolor Warning: Incompatible color definition on input line 629.


Package xcolor Warning: Incompatible color definition on input line 629.


Package xcolor Warning: Incompatible color definition on input line 629.


Package xcolor Warning: Incompatible color definition on input line 629.


Package xcolor Warning: Incompatible color definition on input line 629.


Package xcolor Warning: Incompatible color definition on input line 629.


Package xcolor Warning: Incompatible color definition on input line 629.


Package xcolor Warning: Incompatible color definition on input line 629.


Package xcolor Warning: Incompatible color definition on input line 630.


Package xcolor Warning: Incompatible color definition on input line 630.


Package xcolor Warning: Incompatible color definition on input line 630.


Package xcolor Warning: Incompatible color definition on input line 630.


Package xcolor Warning: Incompatible color definition on input line 630.


Package xcolor Warning: Incompatible color definition on input line 630.


Package xcolor Warning: Incompatible color definition on input line 630.


Package xcolor Warning: Incompatible color definition on input line 630.


Package xcolor Warning: Incompatible color definition on input line 630.


Package xcolor Warning: Incompatible color definition on input line 630.


Package xcolor Warning: Incompatible color definition on input line 630.


Package xcolor Warning: Incompatible color definition on input line 630.


Package xcolor Warning: Incompatible color definition on input line 630.


Package xcolor Warning: Incompatible color definition on input line 630.


Package xcolor Warning: Incompatible color definition on input line 630.


Package xcolor Warning: Incompatible color definition on input line 630.


Package xcolor Warning: Incompatible color definition on input line 630.


Package xcolor Warning: Incompatible color definition on input line 630.


Package xcolor Warning: Incompatible color definition on input line 631.


Package xcolor Warning: Incompatible color definition on input line 633.


Package xcolor Warning: Incompatible color definition on input line 633.


Package xcolor Warning: Incompatible color definition on input line 638.


AED: lastpage setting LastPage
[9] (./Documentation.aux) ) 
Here is how much of TeX's memory you used:
 15871 strings out of 493308
 321950 string characters out of 6141368
 522528 words of memory out of 5000000
 19014 multiletter control sequences out of 15000+600000
 10017 words of font info for 35 fonts, out of 8000000 for 9000
 957 hyphenation exceptions out of 8191
 55i,12n,72p,898b,1183s stack positions out of 5000i,500n,10000p,200000b,80000s
{c:/texlive/2013/texmf-dist/fonts/enc/dvips/base/8r.
enc}<c:/texlive/2013/texmf-dist/fonts/type1/public/amsfonts/cm/cmbx10.pfb><c:/t
exlive/2013/texmf-dist/fonts/type1/public/amsfonts/cm/cmbx12.pfb><c:/texlive/20
13/texmf-dist/fonts/type1/public/amsfonts/cm/cmbx9.pfb><c:/texlive/2013/texmf-d
ist/fonts/type1/public/amsfonts/cm/cmr10.pfb><c:/texlive/2013/texmf-dist/fonts/
type1/public/amsfonts/cm/cmr17.pfb><c:/texlive/2013/texmf-dist/fonts/type1/publ
ic/amsfonts/cm/cmr5.pfb><c:/texlive/2013/texmf-dist/fonts/type1/public/amsfonts
/cm/cmr9.pfb><c:/texlive/2013/texmf-dist/fonts/type1/public/amsfonts/cm/cmsy10.
pfb><c:/texlive/2013/texmf-dist/fonts/type1/public/amsfonts/cm/cmti10.pfb><c:/t
exlive/2013/texmf-dist/fonts/type1/public/amsfonts/cm/cmti12.pfb><c:/texlive/20
13/texmf-dist/fonts/type1/urw/courier/ucrr8a.pfb>
Output written on Documentation.pdf (9 pages, 148169 bytes).
PDF statistics:
 82 PDF objects out of 1000 (max. 8388607)
 59 compressed objects within 1 object stream
 0 named destinations out of 1000 (max. 500000)
 13 words of extra memory for PDF output out of 10000 (max. 10000000)

